<?xml version="1.0" encoding="UTF-8"?>
<testng-results ignored="0" total="4" passed="4" failed="0" skipped="0">
  <reporter-output>
  </reporter-output>
  <suite started-at="2025-09-26T17:43:57 IST" name="Surefire suite" finished-at="2025-09-26T17:43:57 IST" duration-ms="54">
    <groups>
    </groups>
    <test started-at="2025-09-26T17:43:57 IST" name="Surefire test" finished-at="2025-09-26T17:43:57 IST" duration-ms="54">
      <class name="pac1.ContactTest">
        <test-method signature="createContactTest()[pri:0, instance:pac1.ContactTest@7c0c77c7]" started-at="2025-09-26T17:43:57 IST" name="createContactTest" finished-at="2025-09-26T17:43:57 IST" duration-ms="6" status="PASS">
          <reporter-output>
          </reporter-output>
        </test-method> <!-- createContactTest -->
        <test-method signature="modifyContactTest()[pri:0, instance:pac1.ContactTest@7c0c77c7]" started-at="2025-09-26T17:43:57 IST" name="modifyContactTest" finished-at="2025-09-26T17:43:57 IST" duration-ms="0" status="PASS">
          <reporter-output>
          </reporter-output>
        </test-method> <!-- modifyContactTest -->
      </class> <!-- pac1.ContactTest -->
      <class name="pac2.OrgTest">
        <test-method signature="createOrgTest()[pri:0, instance:pac2.OrgTest@1534f01b]" started-at="2025-09-26T17:43:57 IST" name="createOrgTest" finished-at="2025-09-26T17:43:57 IST" duration-ms="0" status="PASS">
          <reporter-output>
          </reporter-output>
        </test-method> <!-- createOrgTest -->
        <test-method signature="modifyOrgTest()[pri:0, instance:pac2.OrgTest@1534f01b]" started-at="2025-09-26T17:43:57 IST" name="modifyOrgTest" finished-at="2025-09-26T17:43:57 IST" duration-ms="1" status="PASS">
          <reporter-output>
          </reporter-output>
        </test-method> <!-- modifyOrgTest -->
      </class> <!-- pac2.OrgTest -->
    </test> <!-- Surefire test -->
  </suite> <!-- Surefire suite -->
</testng-results>
