<?xml version="1.0" encoding="UTF-8"?>
<testng-results ignored="0" total="2" passed="2" failed="0" skipped="0">
  <reporter-output>
  </reporter-output>
  <suite started-at="2025-09-25T10:56:45 IST" name="Suite" finished-at="2025-09-25T10:56:45 IST" duration-ms="61">
    <groups>
    </groups>
    <test started-at="2025-09-25T10:56:45 IST" name="Test" finished-at="2025-09-25T10:56:45 IST" duration-ms="61">
      <class name="pac1.ContactTest">
        <test-method signature="createcontactTest()[pri:0, instance:pac1.ContactTest@29176cc1]" started-at="2025-09-25T10:56:45 IST" name="createcontactTest" finished-at="2025-09-25T10:56:45 IST" duration-ms="5" status="PASS">
          <reporter-output>
          </reporter-output>
        </test-method> <!-- createcontactTest -->
        <test-method signature="modifycontactTest()[pri:0, instance:pac1.ContactTest@29176cc1]" started-at="2025-09-25T10:56:45 IST" name="modifycontactTest" finished-at="2025-09-25T10:56:45 IST" duration-ms="0" status="PASS">
          <reporter-output>
          </reporter-output>
        </test-method> <!-- modifycontactTest -->
      </class> <!-- pac1.ContactTest -->
    </test> <!-- Test -->
  </suite> <!-- Suite -->
</testng-results>
