<?xml version="1.0" encoding="UTF-8"?>
<!-- Generated by org.testng.reporters.JUnitXMLReporter -->
<testsuite ignored="0" hostname="DESKTOP-EJHAJJ4" failures="0" tests="4" name="Surefire test" time="0.056" errors="0" timestamp="2025-09-25T10:21:33 IST">
  <testcase classname="pac1.ContactTest" name="createcontactTest" time="0.007"/>
  <testcase classname="pac1.ContactTest" name="modifycontactTest" time="0.0"/>
  <testcase classname="pac2.OrgTest" name="createorgTest" time="0.001"/>
  <testcase classname="pac2.OrgTest" name="modifyorgTest" time="0.001"/>
</testsuite> <!-- Surefire test -->
